<?xml version="1.0" encoding="UTF-8"?>
<testsuite xmlns:xsi="http://www.w3.org/2001/XMLSchema-instance" xsi:noNamespaceSchemaLocation="https://maven.apache.org/surefire/maven-surefire-plugin/xsd/surefire-test-report-3.0.xsd" version="3.0" name="com.transgrid.runner.TestRunner" time="0.876" tests="1" errors="0" skipped="0" failures="1">
  <properties>
[...]
</properties>
  <testcase name="runScenario[&quot;this is scenario&quot;, &quot;this is a sample feature&quot;](1)" classname="com.transgrid.runner.TestRunner" time="0.164">
    <failure message="The step &apos;i want to get weather&apos; and 2 other step(s) are undefined.&#10;You can implement these steps using the snippet(s) below:&#10;&#10;@Given(&quot;i want to get weather&quot;)&#10;public void i_want_to_get_weather() {&#10;    // Write code here that turns the phrase above into concrete actions&#10;    throw new io.cucumber.java.PendingException();&#10;}&#10;@When(&quot;i send get request&quot;)&#10;public void i_send_get_request() {&#10;    // Write code here that turns the phrase above into concrete actions&#10;    throw new io.cucumber.java.PendingException();&#10;}&#10;@Then(&quot;response is received successfully&quot;)&#10;public void response_is_received_successfully() {&#10;    // Write code here that turns the phrase above into concrete actions&#10;    throw new io.cucumber.java.PendingException();&#10;}&#10;" type="io.cucumber.testng.UndefinedStepException"><![CDATA[io.cucumber.testng.UndefinedStepException: 
The step 'i want to get weather' and 2 other step(s) are undefined.
You can implement these steps using the snippet(s) below:

@Given("i want to get weather")
public void i_want_to_get_weather() {
    // Write code here that turns the phrase above into concrete actions
    throw new io.cucumber.java.PendingException();
}
@When("i send get request")
public void i_send_get_request() {
    // Write code here that turns the phrase above into concrete actions
    throw new io.cucumber.java.PendingException();
}
@Then("response is received successfully")
public void response_is_received_successfully() {
    // Write code here that turns the phrase above into concrete actions
    throw new io.cucumber.java.PendingException();
}

]]></failure>
  </testcase>
</testsuite>